<?xml version="1.0" encoding="UTF-8"?>
<!-- Generated by org.testng.reporters.JUnitReportReporter -->
<testsuite skipped="0" hostname="Adityas-MacBook-Pro.local" name="com.expedia.adnatebeta.testrunner.NTRunnerTest" tests="3" failures="0" timestamp="27 Jan 2018 11:18:36 GMT" time="18.057" errors="0">
  <testcase name="VerifyFlightDetailsHeading" time="6.924" classname="com.expedia.adnatebeta.testrunner.NTRunnerTest"/>
  <testcase name="VerifyPageTitle" time="3.049" classname="com.expedia.adnatebeta.testrunner.NTRunnerTest"/>
  <testcase name="VerifyRegistrationProcess" time="8.084" classname="com.expedia.adnatebeta.testrunner.NTRunnerTest"/>
</testsuite> <!-- com.expedia.adnatebeta.testrunner.NTRunnerTest -->
