<?xml version="1.0" encoding="UTF-8"?>
<!-- Generated by org.testng.reporters.JUnitReportReporter -->
<testsuite skipped="0" hostname="Adityas-MacBook-Pro.local" name="com.expedia.adnatebeta.testrunner.NTRunnerTest" tests="3" failures="0" timestamp="28 Jan 2018 09:02:49 GMT" time="304.096" errors="0">
  <testcase name="VerifyRegistrationProcess" time="156.047" classname="com.expedia.adnatebeta.testrunner.NTRunnerTest"/>
  <testcase name="VerifyPageTitle" time="72.830" classname="com.expedia.adnatebeta.testrunner.NTRunnerTest"/>
  <testcase name="VerifyFlightDetailsHeading" time="75.219" classname="com.expedia.adnatebeta.testrunner.NTRunnerTest"/>
</testsuite> <!-- com.expedia.adnatebeta.testrunner.NTRunnerTest -->
