<?xml version="1.0" encoding="UTF-8"?>
<!-- Generated by org.testng.reporters.JUnitReportReporter -->
<testsuite skipped="0" hostname="Adityas-MacBook-Pro.local" name="com.expedia.adnatebeta.testrunner.NTRunnerTest" tests="3" failures="0" timestamp="27 Jan 2018 10:40:05 GMT" time="43.933" errors="0">
  <testcase name="VerifyFlightDetailsHeading" time="17.888" classname="com.expedia.adnatebeta.testrunner.NTRunnerTest"/>
  <testcase name="VerifyPageTitle" time="7.181" classname="com.expedia.adnatebeta.testrunner.NTRunnerTest"/>
  <testcase name="VerifyRegistrationProcess" time="18.864" classname="com.expedia.adnatebeta.testrunner.NTRunnerTest"/>
</testsuite> <!-- com.expedia.adnatebeta.testrunner.NTRunnerTest -->
