<?xml version="1.0" encoding="UTF-8"?>
<!-- Generated by org.testng.reporters.JUnitReportReporter -->
<testsuite skipped="0" hostname="Adityas-MacBook-Pro.local" name="com.expedia.adnatebeta.testrunner.NTRunnerTest" tests="3" failures="0" timestamp="28 Jan 2018 09:08:01 GMT" time="247.394" errors="0">
  <testcase name="VerifyPageTitle" time="70.224" classname="com.expedia.adnatebeta.testrunner.NTRunnerTest"/>
  <testcase name="VerifyRegistrationProcess" time="89.971" classname="com.expedia.adnatebeta.testrunner.NTRunnerTest"/>
  <testcase name="VerifyFlightDetailsHeading" time="87.199" classname="com.expedia.adnatebeta.testrunner.NTRunnerTest"/>
</testsuite> <!-- com.expedia.adnatebeta.testrunner.NTRunnerTest -->
